<?xml version="1.0" encoding="UTF-8"?>
<!-- Generated by org.testng.reporters.JUnitXMLReporter -->
<testsuite hostname="AMATERASUu" failures="0" tests="9" name="Surefire test" time="0.135" errors="0" timestamp="19 May 2025 19:16:10 GMT">
  <testcase classname="MainTest" name="testGetRoomTypeFromChoice_PriceConsistency on testGetRoomTypeFromChoice_PriceConsistency(MainTest)" time="0.017"/>
  <testcase classname="MainTest" name="testGetRoomTypeFromChoice_Consistency on testGetRoomTypeFromChoice_Consistency(MainTest)" time="0.0"/>
  <testcase classname="MainTest" name="testGetRoomTypeFromChoice_InvalidChoice on testGetRoomTypeFromChoice_InvalidChoice(MainTest)" time="0.0"/>
  <testcase classname="MainTest" name="testGetRoomTypeFromChoice_FormatConsistency on testGetRoomTypeFromChoice_FormatConsistency(MainTest)" time="0.001"/>
  <testcase classname="MainTest" name="testGetRoomTypeFromChoice_Performance on testGetRoomTypeFromChoice_Performance(MainTest)" time="0.001"/>
  <testcase classname="MainTest" name="testGetRoomTypeFromChoice_BoundaryValues on testGetRoomTypeFromChoice_BoundaryValues(MainTest)" time="0.001"/>
  <testcase classname="MainTest" name="testGetRoomTypeFromChoice_AllValidTypes on testGetRoomTypeFromChoice_AllValidTypes(MainTest)" time="0.001"/>
  <testcase classname="MainTest" name="testGetRoomTypeFromChoice_EdgeCases on testGetRoomTypeFromChoice_EdgeCases(MainTest)" time="0.001"/>
  <testcase classname="MainTest" name="testGetRoomTypeFromChoice_ValidChoices on testGetRoomTypeFromChoice_ValidChoices(MainTest)" time="0.001"/>
</testsuite> <!-- Surefire test -->
