<?xml version="1.0" encoding="UTF-8"?>
<testsuite xmlns:xsi="http://www.w3.org/2001/XMLSchema-instance" xsi:noNamespaceSchemaLocation="https://maven.apache.org/surefire/maven-surefire-plugin/xsd/surefire-test-report-3.0.xsd" version="3.0" name="EmailServiceTest" time="2.519" tests="12" errors="0" skipped="0" failures="0">
  <properties>
[...]
</properties>
  <testcase name="testSendBookingConfirmationWithNoEmail on testSendBookingConfirmationWithNoEmail(EmailServiceTest)" classname="EmailServiceTest" time="0.033"/>
  <testcase name="testSendPaymentConfirmationWithFailedPayment on testSendPaymentConfirmationWithFailedPayment(EmailServiceTest)" classname="EmailServiceTest" time="0.001"/>
  <testcase name="testEmailWithDifferentPaymentMethods on testEmailWithDifferentPaymentMethods(EmailServiceTest)" classname="EmailServiceTest" time="0.002"/>
  <testcase name="testEmailWithZeroAmountPayment on testEmailWithZeroAmountPayment(EmailServiceTest)" classname="EmailServiceTest" time="0.002"/>
  <testcase name="testEmailWithNullValues on testEmailWithNullValues(EmailServiceTest)" classname="EmailServiceTest" time="0.002"/>
  <testcase name="testEmailWithLongContent on testEmailWithLongContent(EmailServiceTest)" classname="EmailServiceTest" time="0.002"/>
  <testcase name="testEmailWithMultipleFoodOrders on testEmailWithMultipleFoodOrders(EmailServiceTest)" classname="EmailServiceTest" time="0.003"/>
  <testcase name="testEmailContentFormat on testEmailContentFormat(EmailServiceTest)" classname="EmailServiceTest" time="0.002"/>
  <testcase name="testSendBookingConfirmation on testSendBookingConfirmation(EmailServiceTest)" classname="EmailServiceTest" time="0.002"/>
  <testcase name="testSendPaymentConfirmation on testSendPaymentConfirmation(EmailServiceTest)" classname="EmailServiceTest" time="1.014"/>
  <testcase name="testEmailWithLargeAmountPayment on testEmailWithLargeAmountPayment(EmailServiceTest)" classname="EmailServiceTest" time="1.016"/>
  <testcase name="testEmailWithSpecialCharacters on testEmailWithSpecialCharacters(EmailServiceTest)" classname="EmailServiceTest" time="0.001"/>
</testsuite>